{
  "stats": {
    "suites": 1,
    "tests": 1,
    "passes": 0,
    "pending": 0,
    "failures": 1,
    "start": "2023-05-15T09:12:50.633Z",
    "end": "2023-05-15T09:12:57.629Z",
    "duration": 6996,
    "testsRegistered": 26,
    "passPercent": 0,
    "pendingPercent": 0,
    "other": 0,
    "hasOther": false,
    "skipped": 25,
    "hasSkipped": true
  },
  "results": [
    {
      "uuid": "6f4562d7-b9e2-4679-aa3d-2565bee2df73",
      "title": "",
      "fullFile": "cypress\\tests\\textInput.cy.js",
      "file": "cypress\\tests\\textInput.cy.js",
      "beforeHooks": [],
      "afterHooks": [],
      "tests": [],
      "suites": [
        {
          "uuid": "d5802bec-9374-451b-a788-91bac211e151",
          "title": "Testing Text Inputs",
          "fullFile": "",
          "file": "",
          "beforeHooks": [],
          "afterHooks": [],
          "tests": [
            {
              "title": "Testing full name label",
              "fullTitle": "Testing Text Inputs Testing full name label",
              "timedOut": null,
              "duration": 4196,
              "state": "failed",
              "speed": null,
              "pass": false,
              "fail": true,
              "pending": false,
              "context": "{\n  \"title\": \"cypress-mochawesome-reporter-screenshots\",\n  \"value\": [\n    [\n      {\n        \"title\": \"Failed screenshot\",\n        \"value\": \"\\\\textInput.cy.js\\\\Testing Text Inputs -- Testing full name label -- after each hook (failed).png\"\n      }\n    ]\n  ]\n}",
              "code": "pageUnderTest.fullName.verifyLabel(data.fullNameLabel);",
              "err": {
                "message": "CypressError: Timed out retrying after 4050ms: `cy.click()` failed because this element:\n\n`<button _ngcontent-fct-c1=\"\" type=\"button\" formcontrolname=\"resetButton\" class=\"btn btn-warning float-right\" ng-reflect-name=\"resetButton\">Reset</button>`\n\nis being covered by another element:\n\n`<iframe id=\"webpack-dev-server-client-overlay\" src=\"about:blank\" style=\"position: fixed; inset: 0px; width: 100vw; height: 100vh; border: none; z-index: 2147483647;\"></iframe>`\n\nFix this problem, or use {force: true} to disable error checking.\n\nhttps://on.cypress.io/element-cannot-be-interacted-with\n\nBecause this error occurred during a `after each` hook we are skipping the remaining tests in the current suite: `Testing Text Inputs`",
                "estack": "CypressError: Timed out retrying after 4050ms: `cy.click()` failed because this element:\n\n`<button _ngcontent-fct-c1=\"\" type=\"button\" formcontrolname=\"resetButton\" class=\"btn btn-warning float-right\" ng-reflect-name=\"resetButton\">Reset</button>`\n\nis being covered by another element:\n\n`<iframe id=\"webpack-dev-server-client-overlay\" src=\"about:blank\" style=\"position: fixed; inset: 0px; width: 100vw; height: 100vh; border: none; z-index: 2147483647;\"></iframe>`\n\nFix this problem, or use {force: true} to disable error checking.\n\nhttps://on.cypress.io/element-cannot-be-interacted-with\n\nBecause this error occurred during a `after each` hook we are skipping the remaining tests in the current suite: `Testing Text Inputs`\n    at ensureIsDescendent (http://localhost:4200/__cypress/runner/cypress_runner.js:139649:76)\n    at ensureDescendents (http://localhost:4200/__cypress/runner/cypress_runner.js:139700:5)\n    at ensureDescendentsAndScroll (http://localhost:4200/__cypress/runner/cypress_runner.js:139706:14)\n    at ensureElIsNotCovered (http://localhost:4200/__cypress/runner/cypress_runner.js:139837:5)\n    at runAllChecks (http://localhost:4200/__cypress/runner/cypress_runner.js:140017:52)\n    at retryActionability (http://localhost:4200/__cypress/runner/cypress_runner.js:140054:16)\n    at tryCatcher (http://localhost:4200/__cypress/runner/cypress_runner.js:18744:23)\n    at Promise.attempt.Promise.try (http://localhost:4200/__cypress/runner/cypress_runner.js:16018:29)\n    at whenStable (http://localhost:4200/__cypress/runner/cypress_runner.js:156168:65)\n    at <unknown> (http://localhost:4200/__cypress/runner/cypress_runner.js:155609:14)\n    at tryCatcher (http://localhost:4200/__cypress/runner/cypress_runner.js:18744:23)\n    at Promise._settlePromiseFromHandler (http://localhost:4200/__cypress/runner/cypress_runner.js:16679:31)\n    at Promise._settlePromise (http://localhost:4200/__cypress/runner/cypress_runner.js:16736:18)\n    at Promise._settlePromise0 (http://localhost:4200/__cypress/runner/cypress_runner.js:16781:10)\n    at Promise._settlePromises (http://localhost:4200/__cypress/runner/cypress_runner.js:16861:18)\n    at Promise._fulfill (http://localhost:4200/__cypress/runner/cypress_runner.js:16805:18)\n    at <unknown> (http://localhost:4200/__cypress/runner/cypress_runner.js:18419:46)\nFrom Your Spec Code:\n    at pageUnderTest.reset (webpack:///./cypress/pageUnderTest.js:19:34)\n    at pageUnderTest.resetAndCheckTextInput (webpack:///./cypress/pageUnderTest.js:39:13)\n    at Context.eval (webpack:///./cypress/tests/textInput.cy.js:20:22)",
                "diff": null
              },
              "uuid": "cd9027fd-0708-4699-9165-659ec69c73c1",
              "parentUUID": "d5802bec-9374-451b-a788-91bac211e151",
              "isHook": false,
              "skipped": false
            },
            {
              "title": "Testing full name empty",
              "fullTitle": "Testing Text Inputs Testing full name empty",
              "timedOut": null,
              "duration": 0,
              "state": "skipped",
              "speed": null,
              "pass": false,
              "fail": false,
              "pending": false,
              "context": null,
              "code": "pageUnderTest.submit();\npageUnderTest.fullName.verifyErrorMessage(data.fullNameRequired);",
              "err": {},
              "uuid": "897c9f41-878f-4795-901a-26b3da387c9d",
              "parentUUID": "d5802bec-9374-451b-a788-91bac211e151",
              "isHook": false,
              "skipped": true
            },
            {
              "title": "Testing full name",
              "fullTitle": "Testing Text Inputs Testing full name",
              "timedOut": null,
              "duration": 0,
              "state": "skipped",
              "speed": null,
              "pass": false,
              "fail": false,
              "pending": false,
              "context": null,
              "code": "pageUnderTest.submit();\npageUnderTest.fullName.verifyErrorMessage(data.fullNameRequired);\npageUnderTest.fullName.setValue(data.fullName);\npageUnderTest.fullName.checkValue(data.fullName);\npageUnderTest.fullName.verifyErrorMessageNonExistent();",
              "err": {},
              "uuid": "e78ad3c2-96c4-4053-8fa7-a718637a5781",
              "parentUUID": "d5802bec-9374-451b-a788-91bac211e151",
              "isHook": false,
              "skipped": true
            },
            {
              "title": "Testing username label",
              "fullTitle": "Testing Text Inputs Testing username label",
              "timedOut": null,
              "duration": 0,
              "state": "skipped",
              "speed": null,
              "pass": false,
              "fail": false,
              "pending": false,
              "context": null,
              "code": "pageUnderTest.userName.verifyLabel(data.usernameLabel);",
              "err": {},
              "uuid": "1ad585b1-0d81-416d-817d-8775f7891aae",
              "parentUUID": "d5802bec-9374-451b-a788-91bac211e151",
              "isHook": false,
              "skipped": true
            },
            {
              "title": "Testing username empty",
              "fullTitle": "Testing Text Inputs Testing username empty",
              "timedOut": null,
              "duration": 0,
              "state": "skipped",
              "speed": null,
              "pass": false,
              "fail": false,
              "pending": false,
              "context": null,
              "code": "pageUnderTest.submit();\npageUnderTest.userName.verifyErrorMessage(data.userNameRequired);",
              "err": {},
              "uuid": "433274e2-ecc4-4b77-9a8d-a48d6b8adbfb",
              "parentUUID": "d5802bec-9374-451b-a788-91bac211e151",
              "isHook": false,
              "skipped": true
            },
            {
              "title": "Testing username 5 characters",
              "fullTitle": "Testing Text Inputs Testing username 5 characters",
              "timedOut": null,
              "duration": 0,
              "state": "skipped",
              "speed": null,
              "pass": false,
              "fail": false,
              "pending": false,
              "context": null,
              "code": "pageUnderTest.submit();\npageUnderTest.userName.verifyErrorMessage(data.userNameRequired);\npageUnderTest.userName.setValue(data.userNameShort);\npageUnderTest.userName.checkValue(data.userNameShort);\npageUnderTest.userName.verifyErrorMessage(data.userNameTooShort);\npageUnderTest.userName.clear();\npageUnderTest.userName.setValue(data.fullName);\npageUnderTest.userName.checkValue(data.fullName);\npageUnderTest.submit();\npageUnderTest.userName.verifyErrorMessageNonExistent();",
              "err": {},
              "uuid": "789f3f90-7609-4297-9b13-88e79070bbc7",
              "parentUUID": "d5802bec-9374-451b-a788-91bac211e151",
              "isHook": false,
              "skipped": true
            },
            {
              "title": "Testing username combination numbers and characters",
              "fullTitle": "Testing Text Inputs Testing username combination numbers and characters",
              "timedOut": null,
              "duration": 0,
              "state": "skipped",
              "speed": null,
              "pass": false,
              "fail": false,
              "pending": false,
              "context": null,
              "code": "pageUnderTest.userName.setValue(data.userNameValid);\npageUnderTest.userName.checkValue(data.userNameValid);\npageUnderTest.submit();\npageUnderTest.userName.verifyErrorMessageNonExistent();",
              "err": {},
              "uuid": "66e7517e-9448-4776-a8a6-3581bb8c94a7",
              "parentUUID": "d5802bec-9374-451b-a788-91bac211e151",
              "isHook": false,
              "skipped": true
            },
            {
              "title": "Testing email label",
              "fullTitle": "Testing Text Inputs Testing email label",
              "timedOut": null,
              "duration": 0,
              "state": "skipped",
              "speed": null,
              "pass": false,
              "fail": false,
              "pending": false,
              "context": null,
              "code": "pageUnderTest.email.verifyLabel(data.emailLabel);",
              "err": {},
              "uuid": "b5f32ab1-ef2a-46bd-be44-ffbf0c0d1a8b",
              "parentUUID": "d5802bec-9374-451b-a788-91bac211e151",
              "isHook": false,
              "skipped": true
            },
            {
              "title": "Testing email empty",
              "fullTitle": "Testing Text Inputs Testing email empty",
              "timedOut": null,
              "duration": 0,
              "state": "skipped",
              "speed": null,
              "pass": false,
              "fail": false,
              "pending": false,
              "context": null,
              "code": "pageUnderTest.submit();\npageUnderTest.email.verifyErrorMessage(data.emailRequired);",
              "err": {},
              "uuid": "b7ec25eb-6426-4812-b0f6-c1733fb8707f",
              "parentUUID": "d5802bec-9374-451b-a788-91bac211e151",
              "isHook": false,
              "skipped": true
            },
            {
              "title": "Testing email invalid1",
              "fullTitle": "Testing Text Inputs Testing email invalid1",
              "timedOut": null,
              "duration": 0,
              "state": "skipped",
              "speed": null,
              "pass": false,
              "fail": false,
              "pending": false,
              "context": null,
              "code": "pageUnderTest.email.setValue(data.emailInvalid1);\npageUnderTest.email.checkValue(data.emailInvalid1);\npageUnderTest.submit();\npageUnderTest.email.verifyErrorMessage(data.emailInvalidError);",
              "err": {},
              "uuid": "b35d4237-7487-4033-b825-ba28810899f0",
              "parentUUID": "d5802bec-9374-451b-a788-91bac211e151",
              "isHook": false,
              "skipped": true
            },
            {
              "title": "Testing email invalid2",
              "fullTitle": "Testing Text Inputs Testing email invalid2",
              "timedOut": null,
              "duration": 0,
              "state": "skipped",
              "speed": null,
              "pass": false,
              "fail": false,
              "pending": false,
              "context": null,
              "code": "pageUnderTest.email.setValue(data.emailInvalid2);\npageUnderTest.email.checkValue(data.emailInvalid2);\npageUnderTest.submit();\npageUnderTest.email.verifyErrorMessage(data.emailInvalidError);",
              "err": {},
              "uuid": "09a4e3d1-a457-4634-80bc-da1949864290",
              "parentUUID": "d5802bec-9374-451b-a788-91bac211e151",
              "isHook": false,
              "skipped": true
            },
            {
              "title": "Testing email invalid3",
              "fullTitle": "Testing Text Inputs Testing email invalid3",
              "timedOut": null,
              "duration": 0,
              "state": "skipped",
              "speed": null,
              "pass": false,
              "fail": false,
              "pending": false,
              "context": null,
              "code": "pageUnderTest.email.setValue(data.emailInvalid3);\npageUnderTest.email.checkValue(data.emailInvalid3);\npageUnderTest.submit();\npageUnderTest.email.verifyErrorMessage(data.emailInvalidError);",
              "err": {},
              "uuid": "96cc4ad6-c922-4477-ac88-e936a11c8767",
              "parentUUID": "d5802bec-9374-451b-a788-91bac211e151",
              "isHook": false,
              "skipped": true
            },
            {
              "title": "Testing email invalid4",
              "fullTitle": "Testing Text Inputs Testing email invalid4",
              "timedOut": null,
              "duration": 0,
              "state": "skipped",
              "speed": null,
              "pass": false,
              "fail": false,
              "pending": false,
              "context": null,
              "code": "pageUnderTest.email.setValue(data.emailInvalid4);\npageUnderTest.email.checkValue(data.emailInvalid4);\npageUnderTest.submit();\npageUnderTest.email.verifyErrorMessage(data.emailInvalidError);",
              "err": {},
              "uuid": "b1d06df3-9e65-4d84-bf0a-6e228ea9c762",
              "parentUUID": "d5802bec-9374-451b-a788-91bac211e151",
              "isHook": false,
              "skipped": true
            },
            {
              "title": "Testing email invalid5",
              "fullTitle": "Testing Text Inputs Testing email invalid5",
              "timedOut": null,
              "duration": 0,
              "state": "skipped",
              "speed": null,
              "pass": false,
              "fail": false,
              "pending": false,
              "context": null,
              "code": "pageUnderTest.email.setValue(data.emailInvalid5);\npageUnderTest.email.checkValue(data.emailInvalid5);\npageUnderTest.submit();\npageUnderTest.email.verifyErrorMessage(data.emailInvalidError);",
              "err": {},
              "uuid": "dcd7ee20-7174-46ad-9aef-2973b35779a4",
              "parentUUID": "d5802bec-9374-451b-a788-91bac211e151",
              "isHook": false,
              "skipped": true
            },
            {
              "title": "Testing email valid",
              "fullTitle": "Testing Text Inputs Testing email valid",
              "timedOut": null,
              "duration": 0,
              "state": "skipped",
              "speed": null,
              "pass": false,
              "fail": false,
              "pending": false,
              "context": null,
              "code": "pageUnderTest.email.setValue(data.emailValid);\npageUnderTest.email.checkValue(data.emailValid);\npageUnderTest.submit();\npageUnderTest.email.verifyErrorMessageNonExistent();",
              "err": {},
              "uuid": "be2c6a45-29cb-455e-b621-944990349b7f",
              "parentUUID": "d5802bec-9374-451b-a788-91bac211e151",
              "isHook": false,
              "skipped": true
            },
            {
              "title": "Testing password label",
              "fullTitle": "Testing Text Inputs Testing password label",
              "timedOut": null,
              "duration": 0,
              "state": "skipped",
              "speed": null,
              "pass": false,
              "fail": false,
              "pending": false,
              "context": null,
              "code": "pageUnderTest.password.verifyLabel(data.passwordLabel);",
              "err": {},
              "uuid": "a40fa28a-99fa-4f83-8ae2-a5b2b4856720",
              "parentUUID": "d5802bec-9374-451b-a788-91bac211e151",
              "isHook": false,
              "skipped": true
            },
            {
              "title": "Testing password empty",
              "fullTitle": "Testing Text Inputs Testing password empty",
              "timedOut": null,
              "duration": 0,
              "state": "skipped",
              "speed": null,
              "pass": false,
              "fail": false,
              "pending": false,
              "context": null,
              "code": "pageUnderTest.submit();\npageUnderTest.password.verifyErrorMessage(data.passwordRequired);",
              "err": {},
              "uuid": "762d6cd6-4476-42ec-9782-bd97ae7deb6a",
              "parentUUID": "d5802bec-9374-451b-a788-91bac211e151",
              "isHook": false,
              "skipped": true
            },
            {
              "title": "Testing password short",
              "fullTitle": "Testing Text Inputs Testing password short",
              "timedOut": null,
              "duration": 0,
              "state": "skipped",
              "speed": null,
              "pass": false,
              "fail": false,
              "pending": false,
              "context": null,
              "code": "pageUnderTest.password.setValue(data.passwordShort);\npageUnderTest.password.checkValue(data.passwordShort);\npageUnderTest.submit();\npageUnderTest.password.verifyErrorMessage(data.passwordTooShort);",
              "err": {},
              "uuid": "b0e19db6-f71b-457b-a71f-89c6e1b421c4",
              "parentUUID": "d5802bec-9374-451b-a788-91bac211e151",
              "isHook": false,
              "skipped": true
            },
            {
              "title": "Testing password valid",
              "fullTitle": "Testing Text Inputs Testing password valid",
              "timedOut": null,
              "duration": 0,
              "state": "skipped",
              "speed": null,
              "pass": false,
              "fail": false,
              "pending": false,
              "context": null,
              "code": "pageUnderTest.password.setValue(data.passwordValid);\npageUnderTest.password.checkValue(data.passwordValid);\npageUnderTest.submit();\npageUnderTest.password.verifyErrorMessageNonExistent();",
              "err": {},
              "uuid": "d1d349ee-ea54-4274-b4a4-47937fee348c",
              "parentUUID": "d5802bec-9374-451b-a788-91bac211e151",
              "isHook": false,
              "skipped": true
            },
            {
              "title": "Testing password confirmation label",
              "fullTitle": "Testing Text Inputs Testing password confirmation label",
              "timedOut": null,
              "duration": 0,
              "state": "skipped",
              "speed": null,
              "pass": false,
              "fail": false,
              "pending": false,
              "context": null,
              "code": "pageUnderTest.confirmPassword.verifyLabel(data.confirmPasswordLabel);",
              "err": {},
              "uuid": "546d443b-8252-47c9-95a2-a16b54a1fce7",
              "parentUUID": "d5802bec-9374-451b-a788-91bac211e151",
              "isHook": false,
              "skipped": true
            },
            {
              "title": "Testing password confirmation empty",
              "fullTitle": "Testing Text Inputs Testing password confirmation empty",
              "timedOut": null,
              "duration": 0,
              "state": "skipped",
              "speed": null,
              "pass": false,
              "fail": false,
              "pending": false,
              "context": null,
              "code": "pageUnderTest.submit();\npageUnderTest.confirmPassword.verifyErrorMessage(data.confirmPasswordRequired);",
              "err": {},
              "uuid": "ccf2d028-97d0-44c1-99f5-64e7b9c62eed",
              "parentUUID": "d5802bec-9374-451b-a788-91bac211e151",
              "isHook": false,
              "skipped": true
            },
            {
              "title": "Testing only password confirmation",
              "fullTitle": "Testing Text Inputs Testing only password confirmation",
              "timedOut": null,
              "duration": 0,
              "state": "skipped",
              "speed": null,
              "pass": false,
              "fail": false,
              "pending": false,
              "context": null,
              "code": "pageUnderTest.confirmPassword.setValue(data.passwordShort);\npageUnderTest.confirmPassword.checkValue(data.passwordShort);\npageUnderTest.submit();\npageUnderTest.confirmPassword.verifyErrorMessage(data.confirmPasswordNoMatch);",
              "err": {},
              "uuid": "b437b4f1-30ae-4a9f-8110-22160bf733c5",
              "parentUUID": "d5802bec-9374-451b-a788-91bac211e151",
              "isHook": false,
              "skipped": true
            },
            {
              "title": "Testing password confirmation mismatch",
              "fullTitle": "Testing Text Inputs Testing password confirmation mismatch",
              "timedOut": null,
              "duration": 0,
              "state": "skipped",
              "speed": null,
              "pass": false,
              "fail": false,
              "pending": false,
              "context": null,
              "code": "pageUnderTest.password.setValue(data.passwordValid);\npageUnderTest.password.checkValue(data.passwordValid);\npageUnderTest.confirmPassword.setValue(data.passwordValid.toUpperCase());\npageUnderTest.confirmPassword.checkValue(data.passwordValid.toUpperCase());\npageUnderTest.submit();\npageUnderTest.confirmPassword.verifyErrorMessage(data.confirmPasswordNoMatch);",
              "err": {},
              "uuid": "95b8fb6d-c7c2-4d72-850e-22ed8538793a",
              "parentUUID": "d5802bec-9374-451b-a788-91bac211e151",
              "isHook": false,
              "skipped": true
            },
            {
              "title": "Testing password confirmation valid",
              "fullTitle": "Testing Text Inputs Testing password confirmation valid",
              "timedOut": null,
              "duration": 0,
              "state": "skipped",
              "speed": null,
              "pass": false,
              "fail": false,
              "pending": false,
              "context": null,
              "code": "pageUnderTest.password.setValue(data.passwordValid);\npageUnderTest.password.checkValue(data.passwordValid);\npageUnderTest.confirmPassword.setValue(data.passwordValid);\npageUnderTest.confirmPassword.checkValue(data.passwordValid);\npageUnderTest.submit();\npageUnderTest.confirmPassword.verifyErrorMessageNonExistent();",
              "err": {},
              "uuid": "18cceac3-f607-4647-93e0-4b1ba80cee8f",
              "parentUUID": "d5802bec-9374-451b-a788-91bac211e151",
              "isHook": false,
              "skipped": true
            },
            {
              "title": "Testing password confirmation",
              "fullTitle": "Testing Text Inputs Testing password confirmation",
              "timedOut": null,
              "duration": 0,
              "state": "skipped",
              "speed": null,
              "pass": false,
              "fail": false,
              "pending": false,
              "context": null,
              "code": "pageUnderTest.password.verifyPassword();",
              "err": {},
              "uuid": "65e7eb4e-d741-4d37-b7d0-6304d9c5f3b1",
              "parentUUID": "d5802bec-9374-451b-a788-91bac211e151",
              "isHook": false,
              "skipped": true
            },
            {
              "title": "Testing password confirmation",
              "fullTitle": "Testing Text Inputs Testing password confirmation",
              "timedOut": null,
              "duration": 0,
              "state": "skipped",
              "speed": null,
              "pass": false,
              "fail": false,
              "pending": false,
              "context": null,
              "code": "pageUnderTest.confirmPassword.verifyPassword();",
              "err": {},
              "uuid": "8846e314-0540-43a8-afdf-093b4b7000f0",
              "parentUUID": "d5802bec-9374-451b-a788-91bac211e151",
              "isHook": false,
              "skipped": true
            }
          ],
          "suites": [],
          "passes": [],
          "failures": [
            "cd9027fd-0708-4699-9165-659ec69c73c1"
          ],
          "pending": [],
          "skipped": [
            "897c9f41-878f-4795-901a-26b3da387c9d",
            "e78ad3c2-96c4-4053-8fa7-a718637a5781",
            "1ad585b1-0d81-416d-817d-8775f7891aae",
            "433274e2-ecc4-4b77-9a8d-a48d6b8adbfb",
            "789f3f90-7609-4297-9b13-88e79070bbc7",
            "66e7517e-9448-4776-a8a6-3581bb8c94a7",
            "b5f32ab1-ef2a-46bd-be44-ffbf0c0d1a8b",
            "b7ec25eb-6426-4812-b0f6-c1733fb8707f",
            "b35d4237-7487-4033-b825-ba28810899f0",
            "09a4e3d1-a457-4634-80bc-da1949864290",
            "96cc4ad6-c922-4477-ac88-e936a11c8767",
            "b1d06df3-9e65-4d84-bf0a-6e228ea9c762",
            "dcd7ee20-7174-46ad-9aef-2973b35779a4",
            "be2c6a45-29cb-455e-b621-944990349b7f",
            "a40fa28a-99fa-4f83-8ae2-a5b2b4856720",
            "762d6cd6-4476-42ec-9782-bd97ae7deb6a",
            "b0e19db6-f71b-457b-a71f-89c6e1b421c4",
            "d1d349ee-ea54-4274-b4a4-47937fee348c",
            "546d443b-8252-47c9-95a2-a16b54a1fce7",
            "ccf2d028-97d0-44c1-99f5-64e7b9c62eed",
            "b437b4f1-30ae-4a9f-8110-22160bf733c5",
            "95b8fb6d-c7c2-4d72-850e-22ed8538793a",
            "18cceac3-f607-4647-93e0-4b1ba80cee8f",
            "65e7eb4e-d741-4d37-b7d0-6304d9c5f3b1",
            "8846e314-0540-43a8-afdf-093b4b7000f0"
          ],
          "duration": 4196,
          "root": false,
          "rootEmpty": false,
          "_timeout": 2000
        }
      ],
      "passes": [],
      "failures": [],
      "pending": [],
      "skipped": [],
      "duration": 0,
      "root": true,
      "rootEmpty": true,
      "_timeout": 2000
    }
  ],
  "meta": {
    "mocha": {
      "version": "7.0.1"
    },
    "mochawesome": {
      "options": {
        "quiet": false,
        "reportFilename": "mochawesome",
        "saveHtml": false,
        "saveJson": true,
        "consoleReporter": "spec",
        "useInlineDiffs": false,
        "code": true
      },
      "version": "7.1.3"
    },
    "marge": {
      "options": {
        "overwrite": false,
        "html": false,
        "json": true,
        "reportDir": "cypress\\reports\\html\\.jsons"
      },
      "version": "6.2.0"
    }
  }
}