{
  "stats": {
    "suites": 1,
    "tests": 5,
    "passes": 3,
    "pending": 0,
    "failures": 2,
    "start": "2023-05-15T09:12:21.841Z",
    "end": "2023-05-15T09:12:34.463Z",
    "duration": 12622,
    "testsRegistered": 5,
    "passPercent": 60,
    "pendingPercent": 0,
    "other": 0,
    "hasOther": false,
    "skipped": 0,
    "hasSkipped": false
  },
  "results": [
    {
      "uuid": "3effa4b7-67d1-4362-b609-267acfaa6661",
      "title": "",
      "fullFile": "cypress\\tests\\checkbox.cy.js",
      "file": "cypress\\tests\\checkbox.cy.js",
      "beforeHooks": [],
      "afterHooks": [],
      "tests": [],
      "suites": [
        {
          "uuid": "bfed39eb-8222-413c-b27e-fae7bf5b2c43",
          "title": "Testing Checkbox Inputs",
          "fullFile": "",
          "file": "",
          "beforeHooks": [],
          "afterHooks": [],
          "tests": [
            {
              "title": "Testing accept terms label",
              "fullTitle": "Testing Checkbox Inputs Testing accept terms label",
              "timedOut": null,
              "duration": 790,
              "state": "passed",
              "speed": "fast",
              "pass": true,
              "fail": false,
              "pending": false,
              "context": null,
              "code": "pageUnderTest.acceptTerms.verifyLabel(data.termsLabel);",
              "err": {},
              "uuid": "675a6035-ae01-45de-a118-a574346c49f0",
              "parentUUID": "bfed39eb-8222-413c-b27e-fae7bf5b2c43",
              "isHook": false,
              "skipped": false
            },
            {
              "title": "Testing accept terms empty",
              "fullTitle": "Testing Checkbox Inputs Testing accept terms empty",
              "timedOut": null,
              "duration": 4470,
              "state": "failed",
              "speed": null,
              "pass": false,
              "fail": true,
              "pending": false,
              "context": "{\n  \"title\": \"cypress-mochawesome-reporter-screenshots\",\n  \"value\": [\n    [\n      {\n        \"title\": \"Failed screenshot\",\n        \"value\": \"\\\\checkbox.cy.js\\\\Testing Checkbox Inputs -- Testing accept terms empty (failed).png\"\n      }\n    ]\n  ]\n}",
              "code": "pageUnderTest.submit();\npageUnderTest.acceptTerms.verifyErrorMessage(data.acceptTermsRequired);",
              "err": {
                "message": "CypressError: Timed out retrying after 4050ms: `cy.click()` failed because this element:\n\n`<button _ngcontent-kmq-c1=\"\" type=\"submit\" formcontrolname=\"registerButton\" class=\"btn btn-primary\" ng-reflect-name=\"registerButton\">Register</button>`\n\nis being covered by another element:\n\n`<iframe id=\"webpack-dev-server-client-overlay\" src=\"about:blank\" style=\"position: fixed; inset: 0px; width: 100vw; height: 100vh; border: none; z-index: 2147483647;\"></iframe>`\n\nFix this problem, or use {force: true} to disable error checking.\n\nhttps://on.cypress.io/element-cannot-be-interacted-with",
                "estack": "CypressError: Timed out retrying after 4050ms: `cy.click()` failed because this element:\n\n`<button _ngcontent-kmq-c1=\"\" type=\"submit\" formcontrolname=\"registerButton\" class=\"btn btn-primary\" ng-reflect-name=\"registerButton\">Register</button>`\n\nis being covered by another element:\n\n`<iframe id=\"webpack-dev-server-client-overlay\" src=\"about:blank\" style=\"position: fixed; inset: 0px; width: 100vw; height: 100vh; border: none; z-index: 2147483647;\"></iframe>`\n\nFix this problem, or use {force: true} to disable error checking.\n\nhttps://on.cypress.io/element-cannot-be-interacted-with\n    at ensureIsDescendent (http://localhost:4200/__cypress/runner/cypress_runner.js:139649:76)\n    at ensureDescendents (http://localhost:4200/__cypress/runner/cypress_runner.js:139700:5)\n    at ensureDescendentsAndScroll (http://localhost:4200/__cypress/runner/cypress_runner.js:139706:14)\n    at ensureElIsNotCovered (http://localhost:4200/__cypress/runner/cypress_runner.js:139837:5)\n    at runAllChecks (http://localhost:4200/__cypress/runner/cypress_runner.js:140017:52)\n    at retryActionability (http://localhost:4200/__cypress/runner/cypress_runner.js:140054:16)\n    at tryCatcher (http://localhost:4200/__cypress/runner/cypress_runner.js:18744:23)\n    at Promise.attempt.Promise.try (http://localhost:4200/__cypress/runner/cypress_runner.js:16018:29)\n    at whenStable (http://localhost:4200/__cypress/runner/cypress_runner.js:156168:65)\n    at <unknown> (http://localhost:4200/__cypress/runner/cypress_runner.js:155609:14)\n    at tryCatcher (http://localhost:4200/__cypress/runner/cypress_runner.js:18744:23)\n    at Promise._settlePromiseFromHandler (http://localhost:4200/__cypress/runner/cypress_runner.js:16679:31)\n    at Promise._settlePromise (http://localhost:4200/__cypress/runner/cypress_runner.js:16736:18)\n    at Promise._settlePromise0 (http://localhost:4200/__cypress/runner/cypress_runner.js:16781:10)\n    at Promise._settlePromises (http://localhost:4200/__cypress/runner/cypress_runner.js:16861:18)\n    at Promise._fulfill (http://localhost:4200/__cypress/runner/cypress_runner.js:16805:18)\n    at <unknown> (http://localhost:4200/__cypress/runner/cypress_runner.js:18419:46)\nFrom Your Spec Code:\n    at pageUnderTest.submit (webpack:///./cypress/pageUnderTest.js:15:34)\n    at Context.eval (webpack:///./cypress/tests/checkbox.cy.js:28:22)",
                "diff": null
              },
              "uuid": "d8adf0e3-0b89-4697-a1bc-3325ae7878db",
              "parentUUID": "bfed39eb-8222-413c-b27e-fae7bf5b2c43",
              "isHook": false,
              "skipped": false
            },
            {
              "title": "Testing accept terms set value",
              "fullTitle": "Testing Checkbox Inputs Testing accept terms set value",
              "timedOut": null,
              "duration": 372,
              "state": "passed",
              "speed": "fast",
              "pass": true,
              "fail": false,
              "pending": false,
              "context": null,
              "code": "pageUnderTest.acceptTerms.setValue();\npageUnderTest.acceptTerms.checkValue(true);",
              "err": {},
              "uuid": "c6ada6e0-4bce-45ae-87fe-b3b29fbc6147",
              "parentUUID": "bfed39eb-8222-413c-b27e-fae7bf5b2c43",
              "isHook": false,
              "skipped": false
            },
            {
              "title": "Testing accept terms set and change",
              "fullTitle": "Testing Checkbox Inputs Testing accept terms set and change",
              "timedOut": null,
              "duration": 349,
              "state": "passed",
              "speed": "fast",
              "pass": true,
              "fail": false,
              "pending": false,
              "context": null,
              "code": "pageUnderTest.acceptTerms.setValue();\npageUnderTest.acceptTerms.checkValue(true);\npageUnderTest.acceptTerms.setValue();\npageUnderTest.acceptTerms.checkValue(false);",
              "err": {},
              "uuid": "e414397b-e12d-49d9-802f-212d39f9854a",
              "parentUUID": "bfed39eb-8222-413c-b27e-fae7bf5b2c43",
              "isHook": false,
              "skipped": false
            },
            {
              "title": "Testing accept terms error message disappears",
              "fullTitle": "Testing Checkbox Inputs Testing accept terms error message disappears",
              "timedOut": null,
              "duration": 4172,
              "state": "failed",
              "speed": null,
              "pass": false,
              "fail": true,
              "pending": false,
              "context": "{\n  \"title\": \"cypress-mochawesome-reporter-screenshots\",\n  \"value\": [\n    [\n      {\n        \"title\": \"Failed screenshot\",\n        \"value\": \"\\\\checkbox.cy.js\\\\Testing Checkbox Inputs -- Testing accept terms error message disappears -- after each hook (failed).png\"\n      }\n    ]\n  ]\n}",
              "code": "pageUnderTest.submit();\npageUnderTest.acceptTerms.verifyErrorMessage(data.acceptTermsRequired);\npageUnderTest.acceptTerms.setValue();\npageUnderTest.acceptTerms.checkValue(true);\npageUnderTest.acceptTerms.verifyErrorMessageNonExistent();",
              "err": {
                "message": "CypressError: Timed out retrying after 4050ms: `cy.click()` failed because this element:\n\n`<button _ngcontent-dtc-c1=\"\" type=\"button\" formcontrolname=\"resetButton\" class=\"btn btn-warning float-right\" ng-reflect-name=\"resetButton\">Reset</button>`\n\nis being covered by another element:\n\n`<iframe id=\"webpack-dev-server-client-overlay\" src=\"about:blank\" style=\"position: fixed; inset: 0px; width: 100vw; height: 100vh; border: none; z-index: 2147483647;\"></iframe>`\n\nFix this problem, or use {force: true} to disable error checking.\n\nhttps://on.cypress.io/element-cannot-be-interacted-with\n\nBecause this error occurred during a `after each` hook we are skipping the remaining tests in the current suite: `Testing Checkbox Inputs`",
                "estack": "CypressError: Timed out retrying after 4050ms: `cy.click()` failed because this element:\n\n`<button _ngcontent-dtc-c1=\"\" type=\"button\" formcontrolname=\"resetButton\" class=\"btn btn-warning float-right\" ng-reflect-name=\"resetButton\">Reset</button>`\n\nis being covered by another element:\n\n`<iframe id=\"webpack-dev-server-client-overlay\" src=\"about:blank\" style=\"position: fixed; inset: 0px; width: 100vw; height: 100vh; border: none; z-index: 2147483647;\"></iframe>`\n\nFix this problem, or use {force: true} to disable error checking.\n\nhttps://on.cypress.io/element-cannot-be-interacted-with\n\nBecause this error occurred during a `after each` hook we are skipping the remaining tests in the current suite: `Testing Checkbox Inputs`\n    at ensureIsDescendent (http://localhost:4200/__cypress/runner/cypress_runner.js:139649:76)\n    at ensureDescendents (http://localhost:4200/__cypress/runner/cypress_runner.js:139700:5)\n    at ensureDescendentsAndScroll (http://localhost:4200/__cypress/runner/cypress_runner.js:139706:14)\n    at ensureElIsNotCovered (http://localhost:4200/__cypress/runner/cypress_runner.js:139837:5)\n    at runAllChecks (http://localhost:4200/__cypress/runner/cypress_runner.js:140017:52)\n    at retryActionability (http://localhost:4200/__cypress/runner/cypress_runner.js:140054:16)\n    at tryCatcher (http://localhost:4200/__cypress/runner/cypress_runner.js:18744:23)\n    at Promise.attempt.Promise.try (http://localhost:4200/__cypress/runner/cypress_runner.js:16018:29)\n    at whenStable (http://localhost:4200/__cypress/runner/cypress_runner.js:156168:65)\n    at <unknown> (http://localhost:4200/__cypress/runner/cypress_runner.js:155609:14)\n    at tryCatcher (http://localhost:4200/__cypress/runner/cypress_runner.js:18744:23)\n    at Promise._settlePromiseFromHandler (http://localhost:4200/__cypress/runner/cypress_runner.js:16679:31)\n    at Promise._settlePromise (http://localhost:4200/__cypress/runner/cypress_runner.js:16736:18)\n    at Promise._settlePromise0 (http://localhost:4200/__cypress/runner/cypress_runner.js:16781:10)\n    at Promise._settlePromises (http://localhost:4200/__cypress/runner/cypress_runner.js:16861:18)\n    at Promise._fulfill (http://localhost:4200/__cypress/runner/cypress_runner.js:16805:18)\n    at <unknown> (http://localhost:4200/__cypress/runner/cypress_runner.js:18419:46)\nFrom Your Spec Code:\n    at pageUnderTest.reset (webpack:///./cypress/pageUnderTest.js:19:34)\n    at pageUnderTest.resetAndCheck (webpack:///./cypress/pageUnderTest.js:62:13)\n    at Context.eval (webpack:///./cypress/tests/checkbox.cy.js:20:22)",
                "diff": null
              },
              "uuid": "3859dd5d-6c7a-4ca3-81ad-386971bf63cc",
              "parentUUID": "bfed39eb-8222-413c-b27e-fae7bf5b2c43",
              "isHook": false,
              "skipped": false
            }
          ],
          "suites": [],
          "passes": [
            "675a6035-ae01-45de-a118-a574346c49f0",
            "c6ada6e0-4bce-45ae-87fe-b3b29fbc6147",
            "e414397b-e12d-49d9-802f-212d39f9854a"
          ],
          "failures": [
            "d8adf0e3-0b89-4697-a1bc-3325ae7878db",
            "3859dd5d-6c7a-4ca3-81ad-386971bf63cc"
          ],
          "pending": [],
          "skipped": [],
          "duration": 10153,
          "root": false,
          "rootEmpty": false,
          "_timeout": 2000
        }
      ],
      "passes": [],
      "failures": [],
      "pending": [],
      "skipped": [],
      "duration": 0,
      "root": true,
      "rootEmpty": true,
      "_timeout": 2000
    }
  ],
  "meta": {
    "mocha": {
      "version": "7.0.1"
    },
    "mochawesome": {
      "options": {
        "quiet": false,
        "reportFilename": "mochawesome",
        "saveHtml": false,
        "saveJson": true,
        "consoleReporter": "spec",
        "useInlineDiffs": false,
        "code": true
      },
      "version": "7.1.3"
    },
    "marge": {
      "options": {
        "overwrite": false,
        "html": false,
        "json": true,
        "reportDir": "cypress\\reports\\html\\.jsons"
      },
      "version": "6.2.0"
    }
  }
}