{
  "stats": {
    "suites": 1,
    "tests": 23,
    "passes": 23,
    "pending": 0,
    "failures": 0,
    "start": "2023-05-19T09:00:05.367Z",
    "end": "2023-05-19T09:00:20.892Z",
    "duration": 15525,
    "testsRegistered": 23,
    "passPercent": 100,
    "pendingPercent": 0,
    "other": 0,
    "hasOther": false,
    "skipped": 0,
    "hasSkipped": false
  },
  "results": [
    {
      "uuid": "573650e9-ad17-4288-8c95-7bf8ec9c230d",
      "title": "",
      "fullFile": "cypress\\tests\\textInput.cy.js",
      "file": "cypress\\tests\\textInput.cy.js",
      "beforeHooks": [],
      "afterHooks": [],
      "tests": [],
      "suites": [
        {
          "uuid": "468356c6-b4bb-42d9-8414-b674c8b4a456",
          "title": "Testing Text Inputs",
          "fullFile": "",
          "file": "",
          "beforeHooks": [],
          "afterHooks": [],
          "tests": [
            {
              "title": "Testing full name label",
              "fullTitle": "Testing Text Inputs Testing full name label",
              "timedOut": null,
              "duration": 751,
              "state": "passed",
              "speed": "fast",
              "pass": true,
              "fail": false,
              "pending": false,
              "context": null,
              "code": "cy.verifyLabel(selectors.fullName, data.fullNameLabel);",
              "err": {},
              "uuid": "11ca7a49-8481-466e-8d7a-943abd9fdac3",
              "parentUUID": "468356c6-b4bb-42d9-8414-b674c8b4a456",
              "isHook": false,
              "skipped": false
            },
            {
              "title": "Testing full name empty",
              "fullTitle": "Testing Text Inputs Testing full name empty",
              "timedOut": null,
              "duration": 355,
              "state": "passed",
              "speed": "fast",
              "pass": true,
              "fail": false,
              "pending": false,
              "context": null,
              "code": "cy.get(selectors.form).submit();\ncy.verifyErrorMessage(selectors.fullName, data.fullNameRequired);",
              "err": {},
              "uuid": "4d9f769d-e77b-409d-a1bf-a4ae327df557",
              "parentUUID": "468356c6-b4bb-42d9-8414-b674c8b4a456",
              "isHook": false,
              "skipped": false
            },
            {
              "title": "Testing full name",
              "fullTitle": "Testing Text Inputs Testing full name",
              "timedOut": null,
              "duration": 695,
              "state": "passed",
              "speed": "fast",
              "pass": true,
              "fail": false,
              "pending": false,
              "context": null,
              "code": "cy.get(selectors.form).submit();\ncy.verifyErrorMessage(selectors.fullName, data.fullNameRequired);\npageUnderTest.fullName.setValue(data.fullName);\npageUnderTest.fullName.checkValue(data.fullName);\ncy.verifyErrorMessageNonExistent(selectors.fullName);",
              "err": {},
              "uuid": "4fcd09e1-fd76-465a-a197-49f6977c5ac2",
              "parentUUID": "468356c6-b4bb-42d9-8414-b674c8b4a456",
              "isHook": false,
              "skipped": false
            },
            {
              "title": "Testing username label",
              "fullTitle": "Testing Text Inputs Testing username label",
              "timedOut": null,
              "duration": 320,
              "state": "passed",
              "speed": "fast",
              "pass": true,
              "fail": false,
              "pending": false,
              "context": null,
              "code": "cy.verifyLabel(selectors.userName, data.usernameLabel);",
              "err": {},
              "uuid": "6f16c179-7074-4d1b-bce0-5ae17e654588",
              "parentUUID": "468356c6-b4bb-42d9-8414-b674c8b4a456",
              "isHook": false,
              "skipped": false
            },
            {
              "title": "Testing username empty",
              "fullTitle": "Testing Text Inputs Testing username empty",
              "timedOut": null,
              "duration": 311,
              "state": "passed",
              "speed": "fast",
              "pass": true,
              "fail": false,
              "pending": false,
              "context": null,
              "code": "cy.get(selectors.form).submit();\ncy.verifyErrorMessage(selectors.userName, data.userNameRequired);",
              "err": {},
              "uuid": "db04ff00-758f-44dd-a9d1-377710167b3d",
              "parentUUID": "468356c6-b4bb-42d9-8414-b674c8b4a456",
              "isHook": false,
              "skipped": false
            },
            {
              "title": "Testing username 5 characters",
              "fullTitle": "Testing Text Inputs Testing username 5 characters",
              "timedOut": null,
              "duration": 1006,
              "state": "passed",
              "speed": "fast",
              "pass": true,
              "fail": false,
              "pending": false,
              "context": null,
              "code": "cy.get(selectors.form).submit();\ncy.verifyErrorMessage(selectors.userName, data.userNameRequired);\npageUnderTest.userName.setValue(data.userNameShort);\npageUnderTest.userName.checkValue(data.userNameShort);\ncy.verifyErrorMessage(selectors.userName, data.userNameTooShort);\npageUnderTest.userName.clear();\npageUnderTest.userName.setValue(data.fullName);\npageUnderTest.userName.checkValue(data.fullName);\ncy.get(selectors.form).submit();\ncy.verifyErrorMessageNonExistent(selectors.userName);",
              "err": {},
              "uuid": "f901335a-d9b0-4ba5-81bc-83f707c22432",
              "parentUUID": "468356c6-b4bb-42d9-8414-b674c8b4a456",
              "isHook": false,
              "skipped": false
            },
            {
              "title": "Testing username combination numbers and characters",
              "fullTitle": "Testing Text Inputs Testing username combination numbers and characters",
              "timedOut": null,
              "duration": 551,
              "state": "passed",
              "speed": "fast",
              "pass": true,
              "fail": false,
              "pending": false,
              "context": null,
              "code": "pageUnderTest.userName.setValue(data.userNameValid);\npageUnderTest.userName.checkValue(data.userNameValid);\ncy.get(selectors.form).submit();\ncy.verifyErrorMessageNonExistent(selectors.userName);",
              "err": {},
              "uuid": "60423035-315b-42c3-b64a-3f5749830fdc",
              "parentUUID": "468356c6-b4bb-42d9-8414-b674c8b4a456",
              "isHook": false,
              "skipped": false
            },
            {
              "title": "Testing email label",
              "fullTitle": "Testing Text Inputs Testing email label",
              "timedOut": null,
              "duration": 201,
              "state": "passed",
              "speed": "fast",
              "pass": true,
              "fail": false,
              "pending": false,
              "context": null,
              "code": "cy.verifyLabel(selectors.email, data.emailLabel);",
              "err": {},
              "uuid": "767ed432-c11f-4144-82ac-e4764409e6ce",
              "parentUUID": "468356c6-b4bb-42d9-8414-b674c8b4a456",
              "isHook": false,
              "skipped": false
            },
            {
              "title": "Testing email empty",
              "fullTitle": "Testing Text Inputs Testing email empty",
              "timedOut": null,
              "duration": 266,
              "state": "passed",
              "speed": "fast",
              "pass": true,
              "fail": false,
              "pending": false,
              "context": null,
              "code": "cy.get(selectors.form).submit();\ncy.verifyErrorMessage(selectors.email, data.emailRequired);",
              "err": {},
              "uuid": "ef4418b3-bcf9-42c8-b431-226b95e4ae3b",
              "parentUUID": "468356c6-b4bb-42d9-8414-b674c8b4a456",
              "isHook": false,
              "skipped": false
            },
            {
              "title": "Testing email invalid1",
              "fullTitle": "Testing Text Inputs Testing email invalid1",
              "timedOut": null,
              "duration": 486,
              "state": "passed",
              "speed": "fast",
              "pass": true,
              "fail": false,
              "pending": false,
              "context": null,
              "code": "pageUnderTest.email.setValue(data.emailInvalid1);\npageUnderTest.email.checkValue(data.emailInvalid1);\ncy.get(selectors.form).submit();\ncy.verifyErrorMessage(selectors.email, data.emailInvalidError);",
              "err": {},
              "uuid": "560eda0b-2ab7-4926-8788-57ca59573d00",
              "parentUUID": "468356c6-b4bb-42d9-8414-b674c8b4a456",
              "isHook": false,
              "skipped": false
            },
            {
              "title": "Testing email invalid2",
              "fullTitle": "Testing Text Inputs Testing email invalid2",
              "timedOut": null,
              "duration": 493,
              "state": "passed",
              "speed": "fast",
              "pass": true,
              "fail": false,
              "pending": false,
              "context": null,
              "code": "pageUnderTest.email.setValue(data.emailInvalid2);\npageUnderTest.email.checkValue(data.emailInvalid2);\ncy.get(selectors.form).submit();\ncy.verifyErrorMessage(selectors.email, data.emailInvalidError);",
              "err": {},
              "uuid": "c0e1ed12-4427-4802-8f49-12cd586f7c85",
              "parentUUID": "468356c6-b4bb-42d9-8414-b674c8b4a456",
              "isHook": false,
              "skipped": false
            },
            {
              "title": "Testing email invalid3",
              "fullTitle": "Testing Text Inputs Testing email invalid3",
              "timedOut": null,
              "duration": 532,
              "state": "passed",
              "speed": "fast",
              "pass": true,
              "fail": false,
              "pending": false,
              "context": null,
              "code": "pageUnderTest.email.setValue(data.emailInvalid3);\npageUnderTest.email.checkValue(data.emailInvalid3);\ncy.get(selectors.form).submit();\ncy.verifyErrorMessage(selectors.email, data.emailInvalidError);",
              "err": {},
              "uuid": "e39e1f31-c7e1-42c2-8340-92d8505e7f9f",
              "parentUUID": "468356c6-b4bb-42d9-8414-b674c8b4a456",
              "isHook": false,
              "skipped": false
            },
            {
              "title": "Testing email invalid4",
              "fullTitle": "Testing Text Inputs Testing email invalid4",
              "timedOut": null,
              "duration": 616,
              "state": "passed",
              "speed": "fast",
              "pass": true,
              "fail": false,
              "pending": false,
              "context": null,
              "code": "pageUnderTest.email.setValue(data.emailInvalid4);\npageUnderTest.email.checkValue(data.emailInvalid4);\ncy.get(selectors.form).submit();\ncy.verifyErrorMessage(selectors.email, data.emailInvalidError);",
              "err": {},
              "uuid": "f1453961-9411-4d51-986b-e2f6c7cfdeaa",
              "parentUUID": "468356c6-b4bb-42d9-8414-b674c8b4a456",
              "isHook": false,
              "skipped": false
            },
            {
              "title": "Testing email invalid5",
              "fullTitle": "Testing Text Inputs Testing email invalid5",
              "timedOut": null,
              "duration": 553,
              "state": "passed",
              "speed": "fast",
              "pass": true,
              "fail": false,
              "pending": false,
              "context": null,
              "code": "pageUnderTest.email.setValue(data.emailInvalid5);\npageUnderTest.email.checkValue(data.emailInvalid5);\ncy.get(selectors.form).submit();\ncy.verifyErrorMessage(selectors.email, data.emailInvalidError);",
              "err": {},
              "uuid": "5d34409a-f796-4e46-a4db-abfdb9878454",
              "parentUUID": "468356c6-b4bb-42d9-8414-b674c8b4a456",
              "isHook": false,
              "skipped": false
            },
            {
              "title": "Testing email valid",
              "fullTitle": "Testing Text Inputs Testing email valid",
              "timedOut": null,
              "duration": 582,
              "state": "passed",
              "speed": "fast",
              "pass": true,
              "fail": false,
              "pending": false,
              "context": null,
              "code": "pageUnderTest.email.setValue(data.emailValid);\npageUnderTest.email.checkValue(data.emailValid);\ncy.get(selectors.form).submit();\ncy.verifyErrorMessageNonExistent(selectors.email);",
              "err": {},
              "uuid": "8ef6ef5b-5df4-4b1b-9072-9126a8384373",
              "parentUUID": "468356c6-b4bb-42d9-8414-b674c8b4a456",
              "isHook": false,
              "skipped": false
            },
            {
              "title": "Testing password label",
              "fullTitle": "Testing Text Inputs Testing password label",
              "timedOut": null,
              "duration": 197,
              "state": "passed",
              "speed": "fast",
              "pass": true,
              "fail": false,
              "pending": false,
              "context": null,
              "code": "cy.verifyLabel(selectors.password, data.passwordLabel);",
              "err": {},
              "uuid": "0662dce6-b141-4772-8f5a-1a4808069644",
              "parentUUID": "468356c6-b4bb-42d9-8414-b674c8b4a456",
              "isHook": false,
              "skipped": false
            },
            {
              "title": "Testing password empty",
              "fullTitle": "Testing Text Inputs Testing password empty",
              "timedOut": null,
              "duration": 263,
              "state": "passed",
              "speed": "fast",
              "pass": true,
              "fail": false,
              "pending": false,
              "context": null,
              "code": "cy.get(selectors.form).submit();\ncy.verifyErrorMessage(selectors.password, data.passwordRequired);",
              "err": {},
              "uuid": "289b8122-271a-4de6-b921-95d0ed542046",
              "parentUUID": "468356c6-b4bb-42d9-8414-b674c8b4a456",
              "isHook": false,
              "skipped": false
            },
            {
              "title": "Testing password short",
              "fullTitle": "Testing Text Inputs Testing password short",
              "timedOut": null,
              "duration": 492,
              "state": "passed",
              "speed": "fast",
              "pass": true,
              "fail": false,
              "pending": false,
              "context": null,
              "code": "pageUnderTest.password.setValue(data.passwordShort);\npageUnderTest.password.checkValue(data.passwordShort);\ncy.get(selectors.form).submit();\ncy.verifyErrorMessage(selectors.password, data.passwordTooShort);",
              "err": {},
              "uuid": "ba34de75-4477-421f-b467-dd7ed3eaeee1",
              "parentUUID": "468356c6-b4bb-42d9-8414-b674c8b4a456",
              "isHook": false,
              "skipped": false
            },
            {
              "title": "Testing password valid",
              "fullTitle": "Testing Text Inputs Testing password valid",
              "timedOut": null,
              "duration": 501,
              "state": "passed",
              "speed": "fast",
              "pass": true,
              "fail": false,
              "pending": false,
              "context": null,
              "code": "pageUnderTest.password.setValue(data.passwordValid);\npageUnderTest.password.checkValue(data.passwordValid);\ncy.get(selectors.form).submit();\ncy.verifyErrorMessageNonExistent(selectors.password);",
              "err": {},
              "uuid": "238f8360-d135-49c4-9f96-6755fa3a526d",
              "parentUUID": "468356c6-b4bb-42d9-8414-b674c8b4a456",
              "isHook": false,
              "skipped": false
            },
            {
              "title": "Testing password confirmation label",
              "fullTitle": "Testing Text Inputs Testing password confirmation label",
              "timedOut": null,
              "duration": 199,
              "state": "passed",
              "speed": "fast",
              "pass": true,
              "fail": false,
              "pending": false,
              "context": null,
              "code": "cy.verifyLabel(selectors.confirmPassword, data.confirmPasswordLabel);",
              "err": {},
              "uuid": "408e60c5-ae2c-457b-8d86-b86b93d83026",
              "parentUUID": "468356c6-b4bb-42d9-8414-b674c8b4a456",
              "isHook": false,
              "skipped": false
            },
            {
              "title": "Testing password confirmation empty",
              "fullTitle": "Testing Text Inputs Testing password confirmation empty",
              "timedOut": null,
              "duration": 248,
              "state": "passed",
              "speed": "fast",
              "pass": true,
              "fail": false,
              "pending": false,
              "context": null,
              "code": "cy.get(selectors.form).submit();\ncy.verifyErrorMessage(selectors.confirmPassword, data.confirmPasswordRequired);",
              "err": {},
              "uuid": "e8d42900-76d8-417a-80ba-7c2c56a4c4ed",
              "parentUUID": "468356c6-b4bb-42d9-8414-b674c8b4a456",
              "isHook": false,
              "skipped": false
            },
            {
              "title": "Testing password confirmation",
              "fullTitle": "Testing Text Inputs Testing password confirmation",
              "timedOut": null,
              "duration": 202,
              "state": "passed",
              "speed": "fast",
              "pass": true,
              "fail": false,
              "pending": false,
              "context": null,
              "code": "pageUnderTest.password.verifyPassword();",
              "err": {},
              "uuid": "5b4f1437-ecf2-4d83-ad65-1a50feb5a370",
              "parentUUID": "468356c6-b4bb-42d9-8414-b674c8b4a456",
              "isHook": false,
              "skipped": false
            },
            {
              "title": "Testing password confirmation",
              "fullTitle": "Testing Text Inputs Testing password confirmation",
              "timedOut": null,
              "duration": 210,
              "state": "passed",
              "speed": "fast",
              "pass": true,
              "fail": false,
              "pending": false,
              "context": null,
              "code": "pageUnderTest.confirmPassword.verifyPassword();",
              "err": {},
              "uuid": "76418d5c-00fe-4c3f-81f0-a6297296eda4",
              "parentUUID": "468356c6-b4bb-42d9-8414-b674c8b4a456",
              "isHook": false,
              "skipped": false
            }
          ],
          "suites": [],
          "passes": [
            "11ca7a49-8481-466e-8d7a-943abd9fdac3",
            "4d9f769d-e77b-409d-a1bf-a4ae327df557",
            "4fcd09e1-fd76-465a-a197-49f6977c5ac2",
            "6f16c179-7074-4d1b-bce0-5ae17e654588",
            "db04ff00-758f-44dd-a9d1-377710167b3d",
            "f901335a-d9b0-4ba5-81bc-83f707c22432",
            "60423035-315b-42c3-b64a-3f5749830fdc",
            "767ed432-c11f-4144-82ac-e4764409e6ce",
            "ef4418b3-bcf9-42c8-b431-226b95e4ae3b",
            "560eda0b-2ab7-4926-8788-57ca59573d00",
            "c0e1ed12-4427-4802-8f49-12cd586f7c85",
            "e39e1f31-c7e1-42c2-8340-92d8505e7f9f",
            "f1453961-9411-4d51-986b-e2f6c7cfdeaa",
            "5d34409a-f796-4e46-a4db-abfdb9878454",
            "8ef6ef5b-5df4-4b1b-9072-9126a8384373",
            "0662dce6-b141-4772-8f5a-1a4808069644",
            "289b8122-271a-4de6-b921-95d0ed542046",
            "ba34de75-4477-421f-b467-dd7ed3eaeee1",
            "238f8360-d135-49c4-9f96-6755fa3a526d",
            "408e60c5-ae2c-457b-8d86-b86b93d83026",
            "e8d42900-76d8-417a-80ba-7c2c56a4c4ed",
            "5b4f1437-ecf2-4d83-ad65-1a50feb5a370",
            "76418d5c-00fe-4c3f-81f0-a6297296eda4"
          ],
          "failures": [],
          "pending": [],
          "skipped": [],
          "duration": 10030,
          "root": false,
          "rootEmpty": false,
          "_timeout": 2000
        }
      ],
      "passes": [],
      "failures": [],
      "pending": [],
      "skipped": [],
      "duration": 0,
      "root": true,
      "rootEmpty": true,
      "_timeout": 2000
    }
  ],
  "meta": {
    "mocha": {
      "version": "7.0.1"
    },
    "mochawesome": {
      "options": {
        "quiet": false,
        "reportFilename": "mochawesome",
        "saveHtml": true,
        "saveJson": true,
        "consoleReporter": "spec",
        "useInlineDiffs": false,
        "code": true
      },
      "version": "7.1.3"
    },
    "marge": {
      "options": {
        "html": true
      },
      "version": "6.2.0"
    }
  }
}